<?xml version="1.0" encoding="UTF-8"?>
<!-- Generated by org.testng.reporters.JUnitXMLReporter -->
<testsuite ignored="0" hostname="DESKTOP-HJATIK2" failures="1" tests="2" name="test1" time="22.072" errors="0" timestamp="2022-12-19T12:06:50 IST">
  <testcase classname="TestNG1.TestNG1.TestNGPracticePageTest" name="config" time="21.592"/>
  <testcase classname="TestNG1.TestNG1.TestNGPracticePageTest" name="loginpage" time="0.009">
    <failure type="org.testng.internal.reflect.MethodMatcherException" message="
[public void TestNG1.TestNG1.TestNGPracticePageTest.loginpage(java.lang.String,java.lang.String)] has no parameters defined but was found to be using a data provider (either explicitly specified or inherited from class level annotation).
Data provider mismatch
Method: loginpage([Parameter{index=0, type=java.lang.String, declaredAnnotations=[]}, Parameter{index=1, type=java.lang.String, declaredAnnotations=[]}])
Arguments: [(java.lang.String) Admin]">
      <![CDATA[org.testng.internal.reflect.MethodMatcherException: 
[public void TestNG1.TestNG1.TestNGPracticePageTest.loginpage(java.lang.String,java.lang.String)] has no parameters defined but was found to be using a data provider (either explicitly specified or inherited from class level annotation).
Data provider mismatch
Method: loginpage([Parameter{index=0, type=java.lang.String, declaredAnnotations=[]}, Parameter{index=1, type=java.lang.String, declaredAnnotations=[]}])
Arguments: [(java.lang.String) Admin]
at java.base/java.util.ArrayList.forEach(ArrayList.java:1511)
... Removed 22 stack frames]]>
    </failure>
  </testcase> <!-- loginpage -->
</testsuite> <!-- test1 -->
